[POST] https://btrace.yangshipin.cn/kvcollect?BossId=8206&c_timestamp=mlqioc7c_giakcxmtbml => [200] 
[POST] https://btrace.yangshipin.cn/kvcollect?BossId=8186&c_timestamp=mlqioc7d_b2yellfxsvb => [200] 
[GET] https://h5access.yangshipin.cn/web/limit_play?vappid=59306155&vsecret=b42702bf7309a179d102f3d51b1add2fda0bc7ada64cb801&raw=1&vid=t00007328ev&channelID= => [200] 
[GET] https://comment.yangshipin.cn/web/video_comment_list?vappid=59306155&vsecret=b42702bf7309a179d102f3d51b1add2fda0bc7ada64cb801&raw=1&pageContext=&vid=t00007328ev&objectType=0&objectId=&targetId=1&ts=885663764 => [200] 
[GET] https://s.yangshipin.cn/api/x/wuji/appid/1000731/appkey/9a857f5e97ae43358b94e556f9e524ed/list.json?appid=1000731&appkey=9a857f5e97ae43358b94e556f9e524ed&ts=29522125 => [200] 
[POST] https://btrace.yangshipin.cn/kvcollect?BossId=8190&c_timestamp=mlqioc9l_cbbohzvnqp => [200] 
[GET] https://h5access.yangshipin.cn/web/h5_share?vappid=59306155&vsecret=b42702bf7309a179d102f3d51b1add2fda0bc7ada64cb801&raw=1&shareToType=1&shareId=itemtype%3Dvid%26vid%3Dt00007328ev&shareFrom=h5 => [200] 
[GET] https://tamaegis.com/collect/pv?originFrom=https%3A%2F%2Fw.yangshipin.cn%2Fvideo%3Ftype%3D0%26vid%3Dt00007328ev&id=yrzm6cl3DqoYq5VDO3&uin=mlqioc79_za4xu55087b&version=1.43.51&aid=b85b2cb1-ff10-4bce-b3bc-46632917024d&env=production&platform=4&netType=4&vp=1280%20*%20720&sr=1280%20*%20720&sessionId=session-de672a400aa54eb28eb15774c2976528&from=https%3A%2F%2Fw.yangshipin.cn%2Fvideo%3Ftype%3D0%26vid%3Dt00007328ev&referer=https%3A%2F%2Fm.yangshipin.cn%2F => [204] 
[POST] https://btrace.yangshipin.cn/kvcollect?BossId=2865 => [200] 
[GET] https://tamaegis.com/collect/whitelist?id=yrzm6cl3DqoYq5VDO3&uin=mlqioc79_za4xu55087b&version=1.43.51&aid=b85b2cb1-ff10-4bce-b3bc-46632917024d&env=production&platform=4&netType=4&vp=1280%20*%20720&sr=1280%20*%20720&sessionId=session-de672a400aa54eb28eb15774c2976528&from=https%3A%2F%2Fw.yangshipin.cn%2Fvideo%3Ftype%3D0%26vid%3Dt00007328ev&referer=https%3A%2F%2Fm.yangshipin.cn%2F => [200] 
[GET] https://comment.yangshipin.cn/web/cloud_bucket_config?keys=like_icon_config&targetId=1&vappid=59306155&vsecret=b42702bf7309a179d102f3d51b1add2fda0bc7ada64cb801&raw=1 => [200] 
[POST] https://btrace.yangshipin.cn/kvcollect?BossId=5948 => [200] 
[POST] https://btrace.yangshipin.cn/kvcollect?BossId=2865 => [200] 
[POST] https://btrace.yangshipin.cn/kvcollect?BossId=5948 => [200] 
[POST] https://btrace.yangshipin.cn/kvcollect?BossId=2865 => [200] 
[POST] https://btrace.yangshipin.cn/kvcollect?BossId=8190&c_timestamp=mlqiod15_8a01nthswnx => [200] 
[POST] https://btrace.yangshipin.cn/kvcollect?BossId=8190&c_timestamp=mlqiod16_3yz7luqd71f => [200] 
[POST] https://btrace.yangshipin.cn/kvcollect?BossId=8190&c_timestamp=mlqiod16_ut67aulsxi => [200] 
[POST] https://btrace.yangshipin.cn/kvcollect?BossId=8190&c_timestamp=mlqiod16_9xpzmge3nfu => [200] 
[POST] https://btrace.yangshipin.cn/kvcollect?BossId=8190&c_timestamp=mlqiod16_xysrb2hwul => [200] 
[POST] https://btrace.yangshipin.cn/kvcollect?BossId=8190&c_timestamp=mlqiod16_1ikqwfidkk => [200] 
[POST] https://btrace.yangshipin.cn/kvcollect?BossId=8190&c_timestamp=mlqiod16_yc6az1kg0wh => [200] 
[POST] https://btrace.yangshipin.cn/kvcollect?BossId=8190&c_timestamp=mlqiod16_07tputoj1u1x => [200] 
[POST] https://btrace.yangshipin.cn/kvcollect?BossId=8190&c_timestamp=mlqiod17_igey3khxv8c => [200] 
[POST] https://btrace.yangshipin.cn/kvcollect?BossId=8190&c_timestamp=mlqiod17_9pnc4rxh4vh => [200] 
[POST] https://btrace.yangshipin.cn/kvcollect?BossId=8240&c_timestamp=mlqiodif_7b5pky6s4jc => [200] 
[POST] https://tamaegis.com/speed?from=https%3A%2F%2Fw.yangshipin.cn%2Fvideo%3Ftype%3D0%26vid%3Dt00007328ev&id=yrzm6cl3DqoYq5VDO3&uin=mlqioc79_za4xu55087b&version=1.43.51&aid=b85b2cb1-ff10-4bce-b3bc-46632917024d&env=production&platform=4&netType=4&vp=1280%20*%20720&sr=1280%20*%20720&sessionId=session-de672a400aa54eb28eb15774c2976528&referer=https%3A%2F%2Fm.yangshipin.cn%2F => [204] 